<?xml version="1.0" encoding="UTF-8"?>
<!-- Generated by org.testng.reporters.JUnitReportReporter -->
<testsuite hostname="MBTLT25" failures="0" tests="1" name="com.testng.NewTest" time="2.304" errors="0" timestamp="2023-07-12T21:52:14 IST" skipped="0">
  <testcase classname="com.testng.NewTest" name="Test" time="2.304"/>
</testsuite> <!-- com.testng.NewTest -->
