<?xml version="1.0" encoding="UTF-8"?>
<!-- Generated by org.testng.reporters.JUnitReportReporter -->
<testsuite hostname="MBTLT25" failures="0" tests="1" name="com.testng.sampleTest" time="4.055" errors="0" timestamp="2023-07-14T15:40:57 IST" skipped="0">
  <testcase classname="com.testng.sampleTest" name="Test" time="4.055"/>
  <system-out/>
</testsuite> <!-- com.testng.sampleTest -->
